#
# A fatal error has been detected by the Java Runtime Environment:
#
#  EXCEPTION_PRIV_INSTRUCTION (0xc0000096) at pc=0x00000000032d59ad, pid=11024, tid=0x00000000000002b4
#
# JRE version: Java(TM) SE Runtime Environment (8.0_221-b11) (build 1.8.0_221-b11)
# Java VM: Java HotSpot(TM) 64-Bit Server VM (25.221-b11 mixed mode windows-amd64 compressed oops)
# Problematic frame:
# j  javax.validation.Validation.byDefaultProvider()Ljavax/validation/bootstrap/GenericBootstrap;+195
#
# Failed to write core dump. Minidumps are not enabled by default on client versions of Windows
#
# If you would like to submit a bug report, please visit:
#   http://bugreport.java.com/bugreport/crash.jsp
#

---------------  T H R E A D  ---------------

Current thread (0x0000000020ac0800):  JavaThread "background-preinit" [_thread_in_Java, id=692, stack(0x0000000022350000,0x0000000022450000)]

siginfo: ExceptionCode=0xc0000096

Registers:
RAX=0x0000000000000000, RBX=0x00000000000000c3, RCX=0x0000000000000000, RDX=0x0000000000000000
RSP=0x000000002244f070, RBP=0x000000002244f110, RSI=0x0000000020200020, RDI=0x0000000000000010
R8 =0x0000000000000061, R9 =0x00000000012b1880, R10=0x0000000000000061, R11=0x000000002244e840
R12=0x0000000000000000, R13=0x00000000221ba80a, R14=0x000000002244f118, R15=0x0000000020ac0800
RIP=0x00000000032d59ad, EFLAGS=0x0000000000010202

Top of Stack: (sp=0x000000002244f070)
0x000000002244f070:   000000002244f498 0000000020ac0800
0x000000002244f080:   00000000000000c3 0000000020200020
0x000000002244f090:   0000000000000000 00000000221ba938
0x000000002244f0a0:   0000000064e3eef0 0000000000000006
0x000000002244f0b0:   0000000000000006 0000000000000010
0x000000002244f0c0:   0000000020200020 000000002244f110
0x000000002244f0d0:   000000002244f0f8 00000000000000c3
0x000000002244f0e0:   0000000000000005 000000002244f118
0x000000002244f0f0:   0000000000000022 00000000221ba808
0x000000002244f100:   0000000000000000 000000002244f120
0x000000002244f110:   000000002244f160 00000000032d80e0
0x000000002244f120:   000000002244f120 00000000221b8c70
0x000000002244f130:   000000002244f178 00000000221b8dd0
0x000000002244f140:   0000000000000000 00000000221b8ca8
0x000000002244f150:   000000002244f120 000000002244f178
0x000000002244f160:   000000002244f1c0 00000000032d83a2 

Instructions: (pc=0x00000000032d59ad)
0x00000000032d598d:   48 b9 c0 df c2 64 00 00 00 00 48 ba 37 59 2d 03
0x00000000032d599d:   00 00 00 00 4c 8b c4 48 83 e4 f0 e8 63 13 65 61
0x00000000032d59ad:   f4 66 90 00 00 00 00 00 00 00 00 00 00 00 00 00
0x00000000032d59bd:   00 00 00 80 20 00 00 00 00 00 00 a8 df c2 64 00 


Register to memory mapping:

RAX=0x0000000000000000 is an unknown value
RBX=0x00000000000000c3 is an unknown value
RCX=0x0000000000000000 is an unknown value
RDX=0x0000000000000000 is an unknown value
RSP=0x000000002244f070 is pointing into the stack for thread: 0x0000000020ac0800
RBP=0x000000002244f110 is pointing into the stack for thread: 0x0000000020ac0800
RSI=0x0000000020200020 is pointing into the stack for thread: 0x000000001e7ae000
RDI=0x0000000000000010 is an unknown value
R8 =0x0000000000000061 is an unknown value
R9 =0x00000000012b1880 is an unknown value
R10=0x0000000000000061 is an unknown value
R11=0x000000002244e840 is pointing into the stack for thread: 0x0000000020ac0800
R12=0x0000000000000000 is an unknown value
R13=0x00000000221ba80a is pointing into metadata
R14=0x000000002244f118 is pointing into the stack for thread: 0x0000000020ac0800
R15=0x0000000020ac0800 is a thread


Stack: [0x0000000022350000,0x0000000022450000],  sp=0x000000002244f070,  free space=1020k
Native frames: (J=compiled Java code, j=interpreted, Vv=VM code, C=native code)
C  0x00000000032d59ad


---------------  P R O C E S S  ---------------

Java Threads: ( => current thread )
=>0x0000000020ac0800 JavaThread "background-preinit" [_thread_in_Java, id=692, stack(0x0000000022350000,0x0000000022450000)]
  0x00000000206c4000 JavaThread "RMI TCP Accept-0" daemon [_thread_in_native, id=14092, stack(0x0000000021aa0000,0x0000000021ba0000)]
  0x0000000020490000 JavaThread "Service Thread" daemon [_thread_blocked, id=10064, stack(0x00000000218e0000,0x00000000219e0000)]
  0x00000000203a0000 JavaThread "C1 CompilerThread11" daemon [_thread_blocked, id=16312, stack(0x00000000216e0000,0x00000000217e0000)]
  0x0000000020395000 JavaThread "C1 CompilerThread10" daemon [_thread_blocked, id=2372, stack(0x00000000215e0000,0x00000000216e0000)]
  0x000000001eabe800 JavaThread "C1 CompilerThread9" daemon [_thread_blocked, id=928, stack(0x00000000214e0000,0x00000000215e0000)]
  0x000000001eabc800 JavaThread "C1 CompilerThread8" daemon [_thread_blocked, id=4924, stack(0x00000000213e0000,0x00000000214e0000)]
  0x000000001eaac000 JavaThread "C2 CompilerThread7" daemon [_thread_blocked, id=15684, stack(0x00000000212e0000,0x00000000213e0000)]
  0x000000001eaab000 JavaThread "C2 CompilerThread6" daemon [_thread_blocked, id=1296, stack(0x00000000211e0000,0x00000000212e0000)]
  0x000000001eaa4800 JavaThread "C2 CompilerThread5" daemon [_thread_blocked, id=6400, stack(0x00000000210e0000,0x00000000211e0000)]
  0x000000001ea9e800 JavaThread "C2 CompilerThread4" daemon [_thread_blocked, id=9408, stack(0x0000000020fe0000,0x00000000210e0000)]
  0x000000001ea9e000 JavaThread "C2 CompilerThread3" daemon [_thread_blocked, id=6764, stack(0x0000000020ee0000,0x0000000020fe0000)]
  0x000000001ea9c000 JavaThread "C2 CompilerThread2" daemon [_thread_blocked, id=14136, stack(0x0000000020de0000,0x0000000020ee0000)]
  0x0000000020384800 JavaThread "C2 CompilerThread1" daemon [_thread_blocked, id=14968, stack(0x0000000020ce0000,0x0000000020de0000)]
  0x0000000020383800 JavaThread "C2 CompilerThread0" daemon [_thread_blocked, id=14236, stack(0x0000000020be0000,0x0000000020ce0000)]
  0x0000000020380000 JavaThread "Monitor Ctrl-Break" daemon [_thread_in_native, id=4292, stack(0x0000000020ae0000,0x0000000020be0000)]
  0x000000001e7ae000 JavaThread "Attach Listener" daemon [_thread_blocked, id=5780, stack(0x00000000201e0000,0x00000000202e0000)]
  0x000000001e797800 JavaThread "Signal Dispatcher" daemon [_thread_blocked, id=12812, stack(0x00000000200e0000,0x00000000201e0000)]
  0x000000001cd1a800 JavaThread "Finalizer" daemon [_thread_blocked, id=12428, stack(0x000000001ffe0000,0x00000000200e0000)]
  0x000000001e786000 JavaThread "Reference Handler" daemon [_thread_blocked, id=2168, stack(0x000000001fee0000,0x000000001ffe0000)]
  0x00000000031d6800 JavaThread "main" [_thread_in_Java, id=10748, stack(0x0000000002b00000,0x0000000002c00000)]

Other Threads:
  0x000000001e763000 VMThread [stack: 0x000000001fde0000,0x000000001fee0000] [id=14096]
  0x00000000206ca800 WatcherThread [stack: 0x0000000021ba0000,0x0000000021ca0000] [id=15856]

VM state:not at safepoint (normal execution)

VM Mutex/Monitor currently owned by a thread: None

heap address: 0x00000006ca000000, size: 3936 MB, Compressed Oops mode: Zero based, Oop shift amount: 3
Narrow klass base: 0x0000000000000000, Narrow klass shift: 3
Compressed class space size: 1073741824 Address: 0x00000007c0000000

Heap:
 PSYoungGen      total 73728K, used 14582K [0x000000076e000000, 0x0000000773200000, 0x00000007c0000000)
  eden space 63488K, 10% used [0x000000076e000000,0x000000076e65afb8,0x0000000771e00000)
  from space 10240K, 78% used [0x0000000771e00000,0x00000007725e2b28,0x0000000772800000)
  to   space 10240K, 0% used [0x0000000772800000,0x0000000772800000,0x0000000773200000)
 ParOldGen       total 167936K, used 16K [0x00000006ca000000, 0x00000006d4400000, 0x000000076e000000)
  object space 167936K, 0% used [0x00000006ca000000,0x00000006ca004000,0x00000006d4400000)
 Metaspace       used 14580K, capacity 15200K, committed 15488K, reserved 1062912K
  class space    used 1931K, capacity 2068K, committed 2176K, reserved 1048576K

Card table byte_map: [0x0000000012690000,0x0000000012e50000] byte_map_base: 0x000000000f040000

Marking Bits: (ParMarkBitMap*) 0x0000000064e55ce0
 Begin Bits: [0x0000000014070000, 0x0000000017df0000)
 End Bits:   [0x0000000017df0000, 0x000000001bb70000)

Polling page: 0x0000000001250000

CodeCache: size=245760Kb used=5006Kb max_used=5006Kb free=240753Kb
 bounds [0x00000000032d0000, 0x00000000037c0000, 0x00000000122d0000]
 total_blobs=1843 nmethods=1466 adapters=287
 compilation: enabled

Compilation events (10 events):
Event: 1.067 Thread 0x000000001eabc800 1448       1       org.springframework.core.ResolvableType$DefaultVariableResolver::<init> (10 bytes)
Event: 1.067 Thread 0x00000000203a0000 1449       1       org.springframework.core.ResolvableType::forType (17 bytes)
Event: 1.067 Thread 0x0000000020395000 nmethod 1446 0x00000000037ae690 code [0x00000000037ae860, 0x00000000037aec38]
Event: 1.067 Thread 0x0000000020395000 1450       1       java.lang.Class::getGenericInterfaces (21 bytes)
Event: 1.067 Thread 0x000000001eabc800 nmethod 1448 0x00000000037aeed0 code [0x00000000037af020, 0x00000000037af150]
Event: 1.067 Thread 0x000000001eabc800 1452       1       sun.reflect.generics.reflectiveObjects.ParameterizedTypeImpl::getActualTypeArguments (11 bytes)
Event: 1.067 Thread 0x0000000020395000 nmethod 1450 0x00000000037af1d0 code [0x00000000037af340, 0x00000000037af4c8]
Event: 1.067 Thread 0x000000001eabe800 nmethod 1451 0x00000000037af590 code [0x00000000037af720, 0x00000000037afb78]
Event: 1.067 Thread 0x000000001eabc800 nmethod 1452 0x00000000037afe10 code [0x00000000037aff80, 0x00000000037b0108]
Event: 1.067 Thread 0x00000000203a0000 nmethod 1449 0x00000000037b0190 code [0x00000000037b0300, 0x00000000037b04c8]

GC Heap History (2 events):
Event: 1.055 GC heap before
{Heap before GC invocations=1 (full 0):
 PSYoungGen      total 73728K, used 63488K [0x000000076e000000, 0x0000000773200000, 0x00000007c0000000)
  eden space 63488K, 100% used [0x000000076e000000,0x0000000771e00000,0x0000000771e00000)
  from space 10240K, 0% used [0x0000000772800000,0x0000000772800000,0x0000000773200000)
  to   space 10240K, 0% used [0x0000000771e00000,0x0000000771e00000,0x0000000772800000)
 ParOldGen       total 167936K, used 0K [0x00000006ca000000, 0x00000006d4400000, 0x000000076e000000)
  object space 167936K, 0% used [0x00000006ca000000,0x00000006ca000000,0x00000006d4400000)
 Metaspace       used 14087K, capacity 14744K, committed 14848K, reserved 1062912K
  class space    used 1864K, capacity 2028K, committed 2048K, reserved 1048576K
Event: 1.060 GC heap after
Heap after GC invocations=1 (full 0):
 PSYoungGen      total 73728K, used 8074K [0x000000076e000000, 0x0000000773200000, 0x00000007c0000000)
  eden space 63488K, 0% used [0x000000076e000000,0x000000076e000000,0x0000000771e00000)
  from space 10240K, 78% used [0x0000000771e00000,0x00000007725e2b28,0x0000000772800000)
  to   space 10240K, 0% used [0x0000000772800000,0x0000000772800000,0x0000000773200000)
 ParOldGen       total 167936K, used 16K [0x00000006ca000000, 0x00000006d4400000, 0x000000076e000000)
  object space 167936K, 0% used [0x00000006ca000000,0x00000006ca004000,0x00000006d4400000)
 Metaspace       used 14087K, capacity 14744K, committed 14848K, reserved 1062912K
  class space    used 1864K, capacity 2028K, committed 2048K, reserved 1048576K
}

Deoptimization events (0 events):
No events

Classes redefined (0 events):
No events

Internal exceptions (10 events):
Event: 0.937 Thread 0x00000000031d6800 Exception <a 'java/lang/NoSuchMethodError': java.lang.Object.lambda$comparing$77a9974f$1(Ljava/util/function/Function;Ljava/lang/Object;Ljava/lang/Object;)I> (0x0000000770e968a0) thrown at [C:\re\workspace\8-2-build-windows-amd64-cygwin\jdk8u221\13320\hot
Event: 0.946 Thread 0x00000000031d6800 Exception <a 'java/lang/ArrayIndexOutOfBoundsException'> (0x0000000770fc3cc0) thrown at [C:\re\workspace\8-2-build-windows-amd64-cygwin\jdk8u221\13320\hotspot\src\share\vm\runtime\sharedRuntime.cpp, line 605]
Event: 0.947 Thread 0x00000000031d6800 Exception <a 'java/lang/ArrayIndexOutOfBoundsException'> (0x0000000770fd15c8) thrown at [C:\re\workspace\8-2-build-windows-amd64-cygwin\jdk8u221\13320\hotspot\src\share\vm\runtime\sharedRuntime.cpp, line 605]
Event: 0.947 Thread 0x00000000031d6800 Exception <a 'java/lang/ArrayIndexOutOfBoundsException'> (0x0000000770fd2e90) thrown at [C:\re\workspace\8-2-build-windows-amd64-cygwin\jdk8u221\13320\hotspot\src\share\vm\runtime\sharedRuntime.cpp, line 605]
Event: 0.953 Thread 0x00000000031d6800 Exception <a 'java/lang/NoSuchMethodError': java.lang.Object.lambda$from$1(Ljava/util/function/Supplier;Lorg/springframework/boot/BootstrapContext;)Ljava/lang/Object;> (0x00000007710a0e78) thrown at [C:\re\workspace\8-2-build-windows-amd64-cygwin\jdk8u221
Event: 0.995 Thread 0x00000000031d6800 Exception <a 'java/lang/NoSuchMethodError': java.lang.Object.lambda$comparingByKey$6d558cbf$1(Ljava/util/Comparator;Ljava/util/Map$Entry;Ljava/util/Map$Entry;)I> (0x0000000771666920) thrown at [C:\re\workspace\8-2-build-windows-amd64-cygwin\jdk8u221\13320
Event: 1.001 Thread 0x00000000031d6800 Exception <a 'java/lang/ArrayIndexOutOfBoundsException'> (0x000000077171e478) thrown at [C:\re\workspace\8-2-build-windows-amd64-cygwin\jdk8u221\13320\hotspot\src\share\vm\runtime\sharedRuntime.cpp, line 605]
Event: 1.005 Thread 0x00000000031d6800 Exception <a 'java/lang/NoSuchMethodError': java.lang.Object.lambda$and$0(Ljava/util/function/Predicate;Ljava/lang/Object;)Z> (0x00000007717915c0) thrown at [C:\re\workspace\8-2-build-windows-amd64-cygwin\jdk8u221\13320\hotspot\src\share\vm\interpreter\li
Event: 1.010 Thread 0x00000000031d6800 Exception <a 'java/lang/ArrayIndexOutOfBoundsException'> (0x0000000771831470) thrown at [C:\re\workspace\8-2-build-windows-amd64-cygwin\jdk8u221\13320\hotspot\src\share\vm\runtime\sharedRuntime.cpp, line 605]
Event: 1.011 Thread 0x00000000031d6800 Exception <a 'java/lang/ArrayIndexOutOfBoundsException'> (0x000000077183df08) thrown at [C:\re\workspace\8-2-build-windows-amd64-cygwin\jdk8u221\13320\hotspot\src\share\vm\runtime\sharedRuntime.cpp, line 605]

Events (10 events):
Event: 1.067 loading class org/springframework/boot/EnvironmentConverter
Event: 1.067 loading class org/springframework/boot/EnvironmentConverter done
Event: 1.067 loading class org/springframework/boot/autoconfigure/BackgroundPreinitializer$ValidationInitializer
Event: 1.067 loading class org/springframework/boot/autoconfigure/BackgroundPreinitializer$ValidationInitializer done
Event: 1.067 loading class org/springframework/boot/SpringApplicationBannerPrinter
Event: 1.067 loading class org/springframework/boot/SpringApplicationBannerPrinter done
Event: 1.067 loading class javax/validation/Validation
Event: 1.067 loading class javax/validation/Validation done
Event: 1.067 loading class org/springframework/boot/SpringBootBanner
Event: 1.067 loading class org/springframework/boot/SpringBootBanner done


Dynamic libraries:
0x00007ff63cdf0000 - 0x00007ff63ce27000 	C:\Program Files\Java\jdk1.8.0_221\bin\java.exe
0x00007ffe02860000 - 0x00007ffe02a69000 	C:\WINDOWS\SYSTEM32\ntdll.dll
0x00007ffe019b0000 - 0x00007ffe01a6e000 	C:\WINDOWS\System32\KERNEL32.DLL
0x00007ffdffe50000 - 0x00007ffe001cb000 	C:\WINDOWS\System32\KERNELBASE.dll
0x00007ffe00ea0000 - 0x00007ffe00f4e000 	C:\WINDOWS\System32\ADVAPI32.dll
0x00007ffe01db0000 - 0x00007ffe01e53000 	C:\WINDOWS\System32\msvcrt.dll
0x00007ffe02680000 - 0x00007ffe0271e000 	C:\WINDOWS\System32\sechost.dll
0x00007ffe00af0000 - 0x00007ffe00c10000 	C:\WINDOWS\System32\RPCRT4.dll
0x00007ffe00c90000 - 0x00007ffe00e3d000 	C:\WINDOWS\System32\USER32.dll
0x00007ffe001d0000 - 0x00007ffe001f6000 	C:\WINDOWS\System32\win32u.dll
0x00007ffe02340000 - 0x00007ffe02369000 	C:\WINDOWS\System32\GDI32.dll
0x00007ffdffd30000 - 0x00007ffdffe48000 	C:\WINDOWS\System32\gdi32full.dll
0x00007ffe00200000 - 0x00007ffe0029d000 	C:\WINDOWS\System32\msvcp_win.dll
0x00007ffe002a0000 - 0x00007ffe003b1000 	C:\WINDOWS\System32\ucrtbase.dll
0x00007ffdee870000 - 0x00007ffdeeb15000 	C:\WINDOWS\WinSxS\amd64_microsoft.windows.common-controls_6595b64144ccf1df_6.0.22000.120_none_9d947278b86cc467\COMCTL32.dll
0x00007ffe011b0000 - 0x00007ffe011e2000 	C:\WINDOWS\System32\IMM32.DLL
0x00000000653d0000 - 0x00000000654a2000 	C:\Program Files\Java\jdk1.8.0_221\jre\bin\msvcr100.dll
0x0000000064630000 - 0x0000000064ed5000 	C:\Program Files\Java\jdk1.8.0_221\jre\bin\server\jvm.dll
0x00007ffe02720000 - 0x00007ffe02728000 	C:\WINDOWS\System32\PSAPI.DLL
0x00007ffdfa340000 - 0x00007ffdfa373000 	C:\WINDOWS\SYSTEM32\WINMM.dll
0x00007ffdebc60000 - 0x00007ffdebc69000 	C:\WINDOWS\SYSTEM32\WSOCK32.dll
0x00007ffdf9530000 - 0x00007ffdf953a000 	C:\WINDOWS\SYSTEM32\VERSION.dll
0x00007ffe01030000 - 0x00007ffe0109f000 	C:\WINDOWS\System32\WS2_32.dll
0x00007ffdfb860000 - 0x00007ffdfb86f000 	C:\Program Files\Java\jdk1.8.0_221\jre\bin\verify.dll
0x00007ffdedbe0000 - 0x00007ffdedc09000 	C:\Program Files\Java\jdk1.8.0_221\jre\bin\java.dll
0x00007ffdf8fe0000 - 0x00007ffdf9003000 	C:\Program Files\Java\jdk1.8.0_221\jre\bin\instrument.dll
0x00007ffdf1d90000 - 0x00007ffdf1da6000 	C:\Program Files\Java\jdk1.8.0_221\jre\bin\zip.dll
0x00007ffe011f0000 - 0x00007ffe019a7000 	C:\WINDOWS\System32\SHELL32.dll
0x00007ffdfde20000 - 0x00007ffdfe685000 	C:\WINDOWS\SYSTEM32\windows.storage.dll
0x00007ffe00770000 - 0x00007ffe00ae8000 	C:\WINDOWS\System32\combase.dll
0x00007ffdfdcb0000 - 0x00007ffdfde16000 	C:\WINDOWS\SYSTEM32\wintypes.dll
0x00007ffe010c0000 - 0x00007ffe011aa000 	C:\WINDOWS\System32\SHCORE.dll
0x00007ffe022d0000 - 0x00007ffe0232d000 	C:\WINDOWS\System32\shlwapi.dll
0x00007ffdffc60000 - 0x00007ffdffc81000 	C:\WINDOWS\SYSTEM32\profapi.dll
0x00007ffdf07d0000 - 0x00007ffdf07ea000 	D:\JetBrains\IntelliJ IDEA 2021.3.2\bin\breakgen64.dll
0x00007ffdf0750000 - 0x00007ffdf076a000 	C:\Program Files\Java\jdk1.8.0_221\jre\bin\net.dll
0x00007ffdfa710000 - 0x00007ffdfa900000 	C:\WINDOWS\SYSTEM32\urlmon.dll
0x00007ffdfa380000 - 0x00007ffdfa3a8000 	C:\WINDOWS\SYSTEM32\srvcli.dll
0x00007ffdfa3b0000 - 0x00007ffdfa663000 	C:\WINDOWS\SYSTEM32\iertutil.dll
0x00007ffdfe8d0000 - 0x00007ffdfe8dc000 	C:\WINDOWS\SYSTEM32\netutils.dll
0x00007ffdff340000 - 0x00007ffdff3a7000 	C:\WINDOWS\system32\mswsock.dll
0x00007ffdfe910000 - 0x00007ffdfe9f8000 	C:\WINDOWS\SYSTEM32\DNSAPI.dll
0x00007ffdfe8e0000 - 0x00007ffdfe90d000 	C:\WINDOWS\SYSTEM32\IPHLPAPI.DLL
0x00007ffe02330000 - 0x00007ffe02339000 	C:\WINDOWS\System32\NSI.dll
0x0000000064f00000 - 0x0000000064f26000 	C:\Program Files\Bonjour\mdnsNSP.dll
0x00007ffdf84f0000 - 0x00007ffdf84fa000 	C:\Windows\System32\rasadhlp.dll
0x00007ffdf9240000 - 0x00007ffdf92c1000 	C:\WINDOWS\System32\fwpuclnt.dll
0x00007ffdfaff0000 - 0x00007ffdfaffd000 	C:\Program Files\Java\jdk1.8.0_221\jre\bin\management.dll
0x00007ffdedbc0000 - 0x00007ffdedbd2000 	C:\Program Files\Java\jdk1.8.0_221\jre\bin\nio.dll
0x00007ffdff580000 - 0x00007ffdff598000 	C:\WINDOWS\SYSTEM32\CRYPTSP.dll
0x00007ffdfed80000 - 0x00007ffdfedb5000 	C:\WINDOWS\system32\rsaenh.dll
0x00007ffdff430000 - 0x00007ffdff459000 	C:\WINDOWS\SYSTEM32\USERENV.dll
0x00007ffdff710000 - 0x00007ffdff737000 	C:\WINDOWS\SYSTEM32\bcrypt.dll
0x00007ffe00530000 - 0x00007ffe005af000 	C:\WINDOWS\System32\bcryptprimitives.dll
0x00007ffdff5a0000 - 0x00007ffdff5ac000 	C:\WINDOWS\SYSTEM32\CRYPTBASE.dll
0x00007ffdf9aa0000 - 0x00007ffdf9ab9000 	C:\WINDOWS\SYSTEM32\dhcpcsvc6.DLL
0x00007ffdf9ed0000 - 0x00007ffdf9eee000 	C:\WINDOWS\SYSTEM32\dhcpcsvc.DLL
0x00007ffdeb6a0000 - 0x00007ffdeb6b7000 	C:\WINDOWS\system32\napinsp.dll
0x00007ffdea600000 - 0x00007ffdea61b000 	C:\WINDOWS\system32\pnrpnsp.dll
0x00007ffdea540000 - 0x00007ffdea552000 	C:\WINDOWS\System32\winrnr.dll
0x00007ffdea520000 - 0x00007ffdea535000 	C:\WINDOWS\system32\wshbth.dll
0x00007ffdea340000 - 0x00007ffdea35f000 	C:\WINDOWS\system32\nlansp_c.dll
0x00007ffdfd8e0000 - 0x00007ffdfdb01000 	C:\WINDOWS\SYSTEM32\dbghelp.dll

VM Arguments:
jvm_args: -XX:TieredStopAtLevel=1 -Xverify:none -Dspring.output.ansi.enabled=always -Dcom.sun.management.jmxremote -Dspring.jmx.enabled=true -Dspring.liveBeansView.mbeanDomain -Dspring.application.admin.enabled=true -javaagent:D:\JetBrains\IntelliJ IDEA 2021.3.2\lib\idea_rt.jar=52611:D:\JetBrains\IntelliJ IDEA 2021.3.2\bin -Dfile.encoding=UTF-8 
java_command: com.xuanjian.springboot.SpringbootApplication
java_class_path (initial): C:\Program Files\Java\jdk1.8.0_221\jre\lib\charsets.jar;C:\Program Files\Java\jdk1.8.0_221\jre\lib\deploy.jar;C:\Program Files\Java\jdk1.8.0_221\jre\lib\ext\access-bridge-64.jar;C:\Program Files\Java\jdk1.8.0_221\jre\lib\ext\cldrdata.jar;C:\Program Files\Java\jdk1.8.0_221\jre\lib\ext\dnsns.jar;C:\Program Files\Java\jdk1.8.0_221\jre\lib\ext\jaccess.jar;C:\Program Files\Java\jdk1.8.0_221\jre\lib\ext\jfxrt.jar;C:\Program Files\Java\jdk1.8.0_221\jre\lib\ext\localedata.jar;C:\Program Files\Java\jdk1.8.0_221\jre\lib\ext\nashorn.jar;C:\Program Files\Java\jdk1.8.0_221\jre\lib\ext\sunec.jar;C:\Program Files\Java\jdk1.8.0_221\jre\lib\ext\sunjce_provider.jar;C:\Program Files\Java\jdk1.8.0_221\jre\lib\ext\sunmscapi.jar;C:\Program Files\Java\jdk1.8.0_221\jre\lib\ext\sunpkcs11.jar;C:\Program Files\Java\jdk1.8.0_221\jre\lib\ext\zipfs.jar;C:\Program Files\Java\jdk1.8.0_221\jre\lib\javaws.jar;C:\Program Files\Java\jdk1.8.0_221\jre\lib\jce.jar;C:\Program Files\Java\jdk1.8.0_221\jre\lib\jfr.jar;C:\Program Files\Java\jdk1.8.0_221\jre\lib\jfxswt.jar;C:\Program Files\Java\jdk1.8.0_221\jre\lib\jsse.jar;C:\Program Files\Java\jdk1.8.0_221\jre\lib\management-agent.jar;C:\Program Files\Java\jdk1.8.0_221\jre\lib\plugin.jar;C:\Program Files\Java\jdk1.8.0_221\jre\lib\resources.jar;C:\Program Files\Java\jdk1.8.0_221\jre\lib\rt.jar;D:\学习\网络灰黑产研究\挑战杯\后端demo\springboot\target\classes;C:\Users\Lenovo\.m2\repository\org\springframework\boot\spring-boot-starter-jdbc\2.7.5\spring-boot-starter-jdbc-2.7.5.jar;C:\Users\Lenovo\.m2\repository\org\springframework\boot\spring-boot-starter\2.7.5\spring-boot-starter-2.7.5.jar;C:\Users\Lenovo\.m2\repository\org\springframework\boot\spring-boot\2.7.5\spring-boot-2.7.5.jar;C:\Users\Lenovo\.m2\repository\org\springframework\boot\spring-boot-autoconfigure\2.7.5\spring-boot-autoconfigure-2.7.5.jar;C:\Users\Lenovo\.m2\repository\org\springframework\boot\spring-boot-starter-logging\2.7.5\spring-boot-starter-logging-2.7.5.jar;C:
Launcher Type: SUN_STANDARD

Environment Variables:
JAVA_HOME=C:\Program Files\Java\jdk1.8.0_221
CLASSPATH=.;C:\Program Files\Java\jdk1.8.0_221\lib;C:\Program Files\Java\jdk1.8.0_221\lib\dt.jar;C:\Program Files\Java\jdk1.8.0_221\lib\tools.jar
PATH=D:\VMware\bin\;C:\Program Files (x86)\Common Files\Oracle\Java\javapath;C:\Windows\system32;C:\Windows;C:\Windows\System32\Wbem;C:\Windows\System32\WindowsPowerShell\v1.0\;C:\Windows\System32\OpenSSH\;C:\Program Files (x86)\NVIDIA Corporation\PhysX\Common;C:\Program Files\NVIDIA Corporation\NVIDIA NvDLISR;C:\WINDOWS\system32;C:\WINDOWS;C:\WINDOWS\System32\Wbem;C:\WINDOWS\System32\WindowsPowerShell\v1.0\;C:\WINDOWS\System32\OpenSSH\;D:\r2020a\runtime\win64;D:\r2020a\bin;D:\r2020a\polyspace\bin;C:\Android;D:\git\Git\cmd;C:\Program Files\Java\jdk1.8.0_221\bin;C:\Program Files\Java\jdk1.8.0_221\jre\bin;D:\apache-maven-3.8.4-bin\apache-maven-3.8.4\bin;D:\mysql-8.0.28-winx64\bin;D:\node.js\;D:\xampp\php;C:\ProgramData\ComposerSetup\bin;D:\anaconda;D:\anaconda\Scripts;D:\GCC\bin;C:\Users\Lenovo\AppData\Local\Microsoft\WindowsApps;D:\vs code\Microsoft VS Code\bin;D:\node.js\node_global;C:\Users\Lenovo\AppData\Roaming\Composer\vendor\bin;D:\PcCharm\PyCharm Community Edition 2022.2\bin;;D:\PyCharm\PyCharm 2022.2\bin;;D:\anaconda;D:\anaconda\Scripts;D:\anaconda\Library\usr\bin;D:\anaconda\Library\bin;D:\anaconda\Library\mingw-w64\bin;D:\Python\;D:\Python\Scripts\;
USERNAME=Lenovo
OS=Windows_NT
PROCESSOR_IDENTIFIER=AMD64 Family 23 Model 96 Stepping 1, AuthenticAMD



---------------  S Y S T E M  ---------------

OS: Windows 10.0 , 64 bit Build 22000 (10.0.22000.1335)

CPU:total 16 (initial active 16) (16 cores per cpu, 1 threads per core) family 23 model 96 stepping 1, cmov, cx8, fxsr, mmx, sse, sse2, sse3, ssse3, sse4.1, sse4.2, popcnt, avx, avx2, aes, clmul, mmxext, 3dnowpref, lzcnt, sse4a, tsc, tscinvbit, tscinv, bmi1

Memory: 4k page, physical 16119108k(7636396k free), swap 21886276k(8271700k free)

vm_info: Java HotSpot(TM) 64-Bit Server VM (25.221-b11) for windows-amd64 JRE (1.8.0_221-b11), built on Jul  4 2019 04:39:29 by "java_re" with MS VC++ 10.0 (VS2010)

time: Mon Jan 23 22:57:15 2023
timezone: 中国标准时间
elapsed time: 1 seconds (0d 0h 0m 1s)

